2020.02.12 19:10:37
Имя: значение не указано
Телефон: 103
Адрес страницы: http://lp.local/

2020.02.12 19:11:07
Имя: значение не указано
Телефон: 103
Адрес страницы: http://lp.local/

2020.02.12 19:22:35
Имя: test
Телефон: 103
Адрес страницы: http://lp.local/

2020.02.12 19:23:38
Имя: test
Телефон: 103
Адрес страницы: http://lp.local/

2020.02.12 19:26:04
Имя: test
Телефон: 103
Адрес страницы: http://lp.local/

2020.02.12 19:28:13
Имя: test
Телефон: 103
Дополнительная информация: Услуга 4
Адрес страницы: http://lp.local/

2020.02.12 19:28:33
Имя: test
Телефон: 103
Дополнительная информация: Услуга 2
Адрес страницы: http://lp.local/

2020.02.12 19:35:44
Имя: значение не указано
Телефон: 103
Почта: значение не указано
Сообщение: значение не указано
Адрес страницы: http://lp.local/

2020.02.12 19:40:37
Имя: значение не указано
Телефон: 103
Почта: значение не указано
Сообщение: значение не указано
Адрес страницы: http://lp.local/

2020.02.12 20:29:43
Имя: KK 1223456
Телефон: 103
Почта: значение не указано
Сообщение: значение не указано
Адрес страницы: http://lp.local/

2020.02.12 20:51:50
Имя: 1
Телефон: 103
Почта: значение не указано
Сообщение: значение не указано
Адрес страницы: http://lp.local/

2020.03.10 11:23:12
Имя: значение не указано
Телефон: 103
Почта: значение не указано
Сообщение: значение не указано
Адрес страницы: http://lp.local/contacts

